  film.cpp
C:\Users\lazar\source\repos\lab4\lab4\film.h(16,16): error C2143: syntax error: missing ';' before '&'
C:\Users\lazar\source\repos\lab4\lab4\film.h(16,16): error C2433: 'ostream': 'friend' not permitted on data declarations
C:\Users\lazar\source\repos\lab4\lab4\film.h(16,16): error C4430: missing type specifier - int assumed. Note: C++ does not support default-int
C:\Users\lazar\source\repos\lab4\lab4\film.h(16,56): error C2238: unexpected token(s) preceding ';'
C:\Users\lazar\source\repos\lab4\lab4\film.cpp(42,1): error C4996: 'strcpy': This function or variable may be unsafe. Consider using strcpy_s instead. To disable deprecation, use _CRT_SECURE_NO_WARNINGS. See online help for details.
C:\Program Files (x86)\Windows Kits\10\Include\10.0.18362.0\ucrt\string.h(133): message : see declaration of 'strcpy'
C:\Users\lazar\source\repos\lab4\lab4\film.cpp(57,8): error C2872: 'ostream': ambiguous symbol
C:\Users\lazar\source\repos\lab4\lab4\film.h(16,9): message : could be 'int ostream'
C:\Program Files (x86)\Microsoft Visual Studio\2019\Community\VC\Tools\MSVC\14.24.28314\include\iosfwd(217,7): message : or       'std::ostream'
C:\Users\lazar\source\repos\lab4\lab4\film.cpp(57,8): error C2143: syntax error: missing ';' before '&'
C:\Users\lazar\source\repos\lab4\lab4\film.cpp(57,8): error C4430: missing type specifier - int assumed. Note: C++ does not support default-int
C:\Users\lazar\source\repos\lab4\lab4\film.cpp(57,1): error C2086: 'int ostream': redefinition
C:\Users\lazar\source\repos\lab4\lab4\film.h(16): message : see declaration of 'ostream'
C:\Users\lazar\source\repos\lab4\lab4\film.cpp(57,28): error C2872: 'ostream': ambiguous symbol
C:\Users\lazar\source\repos\lab4\lab4\film.h(16,9): message : could be 'int ostream'
C:\Program Files (x86)\Microsoft Visual Studio\2019\Community\VC\Tools\MSVC\14.24.28314\include\iosfwd(217,7): message : or       'std::ostream'
C:\Users\lazar\source\repos\lab4\lab4\film.cpp(57,30): error C2065: 'os': undeclared identifier
C:\Users\lazar\source\repos\lab4\lab4\film.cpp(57,34): error C2059: syntax error: 'const'
C:\Users\lazar\source\repos\lab4\lab4\film.cpp(58,1): error C2143: syntax error: missing ';' before '{'
C:\Users\lazar\source\repos\lab4\lab4\film.cpp(58,1): error C2447: '{': missing function header (old-style formal list?)
  main.cpp
C:\Users\lazar\source\repos\lab4\lab4\film.h(16,16): error C2143: syntax error: missing ';' before '&'
C:\Users\lazar\source\repos\lab4\lab4\film.h(16,16): error C2433: 'ostream': 'friend' not permitted on data declarations
C:\Users\lazar\source\repos\lab4\lab4\film.h(16,16): error C4430: missing type specifier - int assumed. Note: C++ does not support default-int
C:\Users\lazar\source\repos\lab4\lab4\film.h(16,56): error C2238: unexpected token(s) preceding ';'
C:\Users\lazar\source\repos\lab4\lab4\main.cpp(11,12): error C2679: binary '<<': no operator found which takes a right-hand operand of type 'Film' (or there is no acceptable conversion)
C:\Program Files (x86)\Microsoft Visual Studio\2019\Community\VC\Tools\MSVC\14.24.28314\include\ostream(462,39): message : could be 'std::basic_ostream<char,std::char_traits<char>> &std::basic_ostream<char,std::char_traits<char>>::operator <<(std::basic_streambuf<char,std::char_traits<char>> *)'
C:\Program Files (x86)\Microsoft Visual Studio\2019\Community\VC\Tools\MSVC\14.24.28314\include\ostream(437,39): message : or       'std::basic_ostream<char,std::char_traits<char>> &std::basic_ostream<char,std::char_traits<char>>::operator <<(const void *)'
C:\Program Files (x86)\Microsoft Visual Studio\2019\Community\VC\Tools\MSVC\14.24.28314\include\ostream(419,39): message : or       'std::basic_ostream<char,std::char_traits<char>> &std::basic_ostream<char,std::char_traits<char>>::operator <<(long double)'
C:\Program Files (x86)\Microsoft Visual Studio\2019\Community\VC\Tools\MSVC\14.24.28314\include\ostream(401,39): message : or       'std::basic_ostream<char,std::char_traits<char>> &std::basic_ostream<char,std::char_traits<char>>::operator <<(double)'
C:\Program Files (x86)\Microsoft Visual Studio\2019\Community\VC\Tools\MSVC\14.24.28314\include\ostream(383,39): message : or       'std::basic_ostream<char,std::char_traits<char>> &std::basic_ostream<char,std::char_traits<char>>::operator <<(float)'
C:\Program Files (x86)\Microsoft Visual Studio\2019\Community\VC\Tools\MSVC\14.24.28314\include\ostream(365,39): message : or       'std::basic_ostream<char,std::char_traits<char>> &std::basic_ostream<char,std::char_traits<char>>::operator <<(unsigned __int64)'
C:\Program Files (x86)\Microsoft Visual Studio\2019\Community\VC\Tools\MSVC\14.24.28314\include\ostream(347,39): message : or       'std::basic_ostream<char,std::char_traits<char>> &std::basic_ostream<char,std::char_traits<char>>::operator <<(__int64)'
C:\Program Files (x86)\Microsoft Visual Studio\2019\Community\VC\Tools\MSVC\14.24.28314\include\ostream(329,39): message : or       'std::basic_ostream<char,std::char_traits<char>> &std::basic_ostream<char,std::char_traits<char>>::operator <<(unsigned long)'
C:\Program Files (x86)\Microsoft Visual Studio\2019\Community\VC\Tools\MSVC\14.24.28314\include\ostream(311,39): message : or       'std::basic_ostream<char,std::char_traits<char>> &std::basic_ostream<char,std::char_traits<char>>::operator <<(long)'
C:\Program Files (x86)\Microsoft Visual Studio\2019\Community\VC\Tools\MSVC\14.24.28314\include\ostream(292,39): message : or       'std::basic_ostream<char,std::char_traits<char>> &std::basic_ostream<char,std::char_traits<char>>::operator <<(unsigned int)'
C:\Program Files (x86)\Microsoft Visual Studio\2019\Community\VC\Tools\MSVC\14.24.28314\include\ostream(266,39): message : or       'std::basic_ostream<char,std::char_traits<char>> &std::basic_ostream<char,std::char_traits<char>>::operator <<(int)'
C:\Program Files (x86)\Microsoft Visual Studio\2019\Community\VC\Tools\MSVC\14.24.28314\include\ostream(247,39): message : or       'std::basic_ostream<char,std::char_traits<char>> &std::basic_ostream<char,std::char_traits<char>>::operator <<(unsigned short)'
C:\Program Files (x86)\Microsoft Visual Studio\2019\Community\VC\Tools\MSVC\14.24.28314\include\ostream(213,39): message : or       'std::basic_ostream<char,std::char_traits<char>> &std::basic_ostream<char,std::char_traits<char>>::operator <<(short)'
C:\Program Files (x86)\Microsoft Visual Studio\2019\Community\VC\Tools\MSVC\14.24.28314\include\ostream(195,39): message : or       'std::basic_ostream<char,std::char_traits<char>> &std::basic_ostream<char,std::char_traits<char>>::operator <<(bool)'
C:\Program Files (x86)\Microsoft Visual Studio\2019\Community\VC\Tools\MSVC\14.24.28314\include\ostream(190,39): message : or       'std::basic_ostream<char,std::char_traits<char>> &std::basic_ostream<char,std::char_traits<char>>::operator <<(std::ios_base &(__cdecl *)(std::ios_base &))'
C:\Program Files (x86)\Microsoft Visual Studio\2019\Community\VC\Tools\MSVC\14.24.28314\include\ostream(185,39): message : or       'std::basic_ostream<char,std::char_traits<char>> &std::basic_ostream<char,std::char_traits<char>>::operator <<(std::basic_ios<char,std::char_traits<char>> &(__cdecl *)(std::basic_ios<char,std::char_traits<char>> &))'
C:\Program Files (x86)\Microsoft Visual Studio\2019\Community\VC\Tools\MSVC\14.24.28314\include\ostream(180,39): message : or       'std::basic_ostream<char,std::char_traits<char>> &std::basic_ostream<char,std::char_traits<char>>::operator <<(std::basic_ostream<char,std::char_traits<char>> &(__cdecl *)(std::basic_ostream<char,std::char_traits<char>> &))'
C:\Program Files (x86)\Microsoft Visual Studio\2019\Community\VC\Tools\MSVC\14.24.28314\include\ostream(963,32): message : or       'std::basic_ostream<char,std::char_traits<char>> &std::operator <<<char,std::char_traits<char>>(std::basic_ostream<char,std::char_traits<char>> &,const std::error_code &)'
C:\Program Files (x86)\Microsoft Visual Studio\2019\Community\VC\Tools\MSVC\14.24.28314\include\ostream(909,31): message : or       'std::basic_ostream<char,std::char_traits<char>> &std::operator <<<std::char_traits<char>>(std::basic_ostream<char,std::char_traits<char>> &,unsigned char)'
C:\Program Files (x86)\Microsoft Visual Studio\2019\Community\VC\Tools\MSVC\14.24.28314\include\ostream(903,31): message : or       'std::basic_ostream<char,std::char_traits<char>> &std::operator <<<std::char_traits<char>>(std::basic_ostream<char,std::char_traits<char>> &,const unsigned char *)'
C:\Program Files (x86)\Microsoft Visual Studio\2019\Community\VC\Tools\MSVC\14.24.28314\include\ostream(898,31): message : or       'std::basic_ostream<char,std::char_traits<char>> &std::operator <<<std::char_traits<char>>(std::basic_ostream<char,std::char_traits<char>> &,signed char)'
C:\Program Files (x86)\Microsoft Visual Studio\2019\Community\VC\Tools\MSVC\14.24.28314\include\ostream(892,31): message : or       'std::basic_ostream<char,std::char_traits<char>> &std::operator <<<std::char_traits<char>>(std::basic_ostream<char,std::char_traits<char>> &,const signed char *)'
C:\Program Files (x86)\Microsoft Visual Studio\2019\Community\VC\Tools\MSVC\14.24.28314\include\ostream(775,31): message : or       'std::basic_ostream<char,std::char_traits<char>> &std::operator <<<std::char_traits<char>>(std::basic_ostream<char,std::char_traits<char>> &,char)'
C:\Program Files (x86)\Microsoft Visual Studio\2019\Community\VC\Tools\MSVC\14.24.28314\include\ostream(730,31): message : or       'std::basic_ostream<char,std::char_traits<char>> &std::operator <<<std::char_traits<char>>(std::basic_ostream<char,std::char_traits<char>> &,const char *)'
C:\Program Files (x86)\Microsoft Visual Studio\2019\Community\VC\Tools\MSVC\14.24.28314\include\ostream(694,32): message : or       'std::basic_ostream<char,std::char_traits<char>> &std::operator <<<char,std::char_traits<char>>(std::basic_ostream<char,std::char_traits<char>> &,char)'
C:\Program Files (x86)\Microsoft Visual Studio\2019\Community\VC\Tools\MSVC\14.24.28314\include\ostream(650,32): message : or       'std::basic_ostream<char,std::char_traits<char>> &std::operator <<<char,std::char_traits<char>>(std::basic_ostream<char,std::char_traits<char>> &,const char *)'
C:\Users\lazar\source\repos\lab4\lab4\main.cpp(11,12): message : while trying to match the argument list '(std::ostream, Film)'
  repo.cpp
C:\Users\lazar\source\repos\lab4\lab4\film.h(16,16): error C2143: syntax error: missing ';' before '&'
C:\Users\lazar\source\repos\lab4\lab4\film.h(16,16): error C2433: 'ostream': 'friend' not permitted on data declarations
C:\Users\lazar\source\repos\lab4\lab4\film.h(16,16): error C4430: missing type specifier - int assumed. Note: C++ does not support default-int
C:\Users\lazar\source\repos\lab4\lab4\film.h(16,56): error C2238: unexpected token(s) preceding ';'
  test.cpp
C:\Users\lazar\source\repos\lab4\lab4\film.h(16,16): error C2143: syntax error: missing ';' before '&'
C:\Users\lazar\source\repos\lab4\lab4\film.h(16,16): error C2433: 'ostream': 'friend' not permitted on data declarations
C:\Users\lazar\source\repos\lab4\lab4\film.h(16,16): error C4430: missing type specifier - int assumed. Note: C++ does not support default-int
C:\Users\lazar\source\repos\lab4\lab4\film.h(16,56): error C2238: unexpected token(s) preceding ';'
  ui.cpp
  Generating Code...
